app/build/intermediates/manifest_merge_blame_file/debug/processDebugMainManifest/manifest-merger-blame-debug-report.txt
1<?xml version="1.0" encoding="utf-8"?>
2<manifest xmlns:android="http://schemas.android.com/apk/res/android"
3    package="com.quietframe.tv"
4    android:versionCode="1"
5    android:versionName="0.1" >
6
7    <uses-sdk
8        android:minSdkVersion="26"
9        android:targetSdkVersion="35" />
10
11    <uses-feature
11-->src\main\AndroidManifest.xml:4:5-6:35
12        android:name="android.software.leanback"
12-->src\main\AndroidManifest.xml:5:9-49
13        android:required="true" />
13-->src\main\AndroidManifest.xml:6:9-32
14
15    <application
15-->src\main\AndroidManifest.xml:8:5-45:19
16        android:appComponentFactory="androidx.core.app.CoreComponentFactory"
16-->[androidx.core:core:1.8.0] AndroidManifest.xml:24:18-86
17        android:banner="@drawable/banner"
17-->src\main\AndroidManifest.xml:11:9-42
18        android:debuggable="true"
19        android:extractNativeLibs="false"
20        android:icon="@mipmap/ic_launcher"
20-->src\main\AndroidManifest.xml:10:9-43
21        android:label="Quiet Frame"
21-->src\main\AndroidManifest.xml:9:9-36
22        android:testOnly="true"
23        android:theme="@android:style/Theme.DeviceDefault.NoActionBar" >
23-->src\main\AndroidManifest.xml:12:9-71
24
25        <!-- Launcher / Settings -->
26        <activity
26-->src\main\AndroidManifest.xml:15:9-23:20
27            android:name="com.quietframe.tv.SettingsActivity"
27-->src\main\AndroidManifest.xml:16:13-45
28            android:exported="true" >
28-->src\main\AndroidManifest.xml:17:13-36
29            <intent-filter>
29-->src\main\AndroidManifest.xml:18:13-22:29
30                <action android:name="android.intent.action.MAIN" />
30-->src\main\AndroidManifest.xml:19:17-69
30-->src\main\AndroidManifest.xml:19:25-66
31
32                <category android:name="android.intent.category.LAUNCHER" />
32-->src\main\AndroidManifest.xml:20:17-77
32-->src\main\AndroidManifest.xml:20:27-74
33                <category android:name="android.intent.category.LEANBACK_LAUNCHER" />
33-->src\main\AndroidManifest.xml:21:17-86
33-->src\main\AndroidManifest.xml:21:27-83
34            </intent-filter>
35        </activity>
36
37        <!-- Art preview -->
38        <activity
38-->src\main\AndroidManifest.xml:26:9-28:40
39            android:name="com.quietframe.tv.TestArtActivity"
39-->src\main\AndroidManifest.xml:27:13-44
40            android:exported="false" />
40-->src\main\AndroidManifest.xml:28:13-37
41
42        <!-- QR upload screen -->
43        <activity
43-->src\main\AndroidManifest.xml:31:9-33:40
44            android:name="com.quietframe.tv.QRAddActivity"
44-->src\main\AndroidManifest.xml:32:13-42
45            android:exported="false" />
45-->src\main\AndroidManifest.xml:33:13-37
46
47        <!-- Optional screensaver (if you use it) -->
48        <service
48-->src\main\AndroidManifest.xml:36:9-43:19
49            android:name="com.quietframe.tv.QuietFrameDreamService"
49-->src\main\AndroidManifest.xml:37:13-51
50            android:exported="false"
50-->src\main\AndroidManifest.xml:39:13-37
51            android:permission="android.permission.BIND_DREAM_SERVICE" >
51-->src\main\AndroidManifest.xml:38:13-71
52            <intent-filter>
52-->src\main\AndroidManifest.xml:40:13-42:29
53                <action android:name="android.service.dreams.DreamService" />
53-->src\main\AndroidManifest.xml:41:17-78
53-->src\main\AndroidManifest.xml:41:25-75
54            </intent-filter>
55        </service>
56
57        <activity
57-->[com.google.android.gms:play-services-auth:21.5.0] AndroidManifest.xml:23:9-27:75
58            android:name="com.google.android.gms.auth.api.signin.internal.SignInHubActivity"
58-->[com.google.android.gms:play-services-auth:21.5.0] AndroidManifest.xml:24:13-93
59            android:excludeFromRecents="true"
59-->[com.google.android.gms:play-services-auth:21.5.0] AndroidManifest.xml:25:13-46
60            android:exported="false"
60-->[com.google.android.gms:play-services-auth:21.5.0] AndroidManifest.xml:26:13-37
61            android:theme="@android:style/Theme.Translucent.NoTitleBar" />
61-->[com.google.android.gms:play-services-auth:21.5.0] AndroidManifest.xml:27:13-72
62        <!--
63            Service handling Google Sign-In user revocation. For apps that do not integrate with
64            Google Sign-In, this service will never be started.
65        -->
66        <service
66-->[com.google.android.gms:play-services-auth:21.5.0] AndroidManifest.xml:33:9-37:51
67            android:name="com.google.android.gms.auth.api.signin.RevocationBoundService"
67-->[com.google.android.gms:play-services-auth:21.5.0] AndroidManifest.xml:34:13-89
68            android:exported="true"
68-->[com.google.android.gms:play-services-auth:21.5.0] AndroidManifest.xml:35:13-36
69            android:permission="com.google.android.gms.auth.api.signin.permission.REVOCATION_NOTIFICATION"
69-->[com.google.android.gms:play-services-auth:21.5.0] AndroidManifest.xml:36:13-107
70            android:visibleToInstantApps="true" />
70-->[com.google.android.gms:play-services-auth:21.5.0] AndroidManifest.xml:37:13-48
71
72        <activity
72-->[com.google.android.gms:play-services-base:18.5.0] AndroidManifest.xml:5:9-173
73            android:name="com.google.android.gms.common.api.GoogleApiActivity"
73-->[com.google.android.gms:play-services-base:18.5.0] AndroidManifest.xml:5:19-85
74            android:exported="false"
74-->[com.google.android.gms:play-services-base:18.5.0] AndroidManifest.xml:5:146-170
75            android:theme="@android:style/Theme.Translucent.NoTitleBar" />
75-->[com.google.android.gms:play-services-base:18.5.0] AndroidManifest.xml:5:86-145
76
77        <meta-data
77-->[com.google.android.gms:play-services-basement:18.9.0] AndroidManifest.xml:21:9-23:69
78            android:name="com.google.android.gms.version"
78-->[com.google.android.gms:play-services-basement:18.9.0] AndroidManifest.xml:22:13-58
79            android:value="@integer/google_play_services_version" />
79-->[com.google.android.gms:play-services-basement:18.9.0] AndroidManifest.xml:23:13-66
80    </application>
81
82</manifest>